make.exe all -f C:\Users\yashp\OneDrive\Documents\MiniProject_Template\Example_Programs\programming_concpets\calculator\Makefile --print-data-base --no-builtin-variables --no-builtin-rules --question
make: *** No rule to make target 'all'.  Stop.
 
# GNU Make 4.3
# Built for Windows32
# Copyright (C) 1988-2020 Free Software Foundation, Inc.
# License GPLv3+: GNU GPL version 3 or later <http://gnu.org/licenses/gpl.html>
# This is free software: you are free to change and redistribute it.
# There is NO WARRANTY, to the extent permitted by law.

# Make data base, printed on Fri Apr 16 15:03:17 2021

# Variables

# environment
FPS_BROWSER_APP_PROFILE_STRING = Internet Explorer
# makefile (from 'C:\Users\yashp\OneDrive\Documents\MiniProject_Template\Example_Programs\programming_concpets\calculator\Makefile', line 2)
SRC = calculator.c test_calculator.c
# environment
OnlineServices = Online Services
# makefile (from 'C:\Users\yashp\OneDrive\Documents\MiniProject_Template\Example_Programs\programming_concpets\calculator\Makefile', line 1)
PROJECT_NAME = Calculator
# environment
USERPROFILE = C:\Users\yashp
# environment
VBOX_MSI_INSTALL_PATH = C:\Program Files\Oracle\VirtualBox\
# environment
ProgramW6432 = C:\Program Files
# environment
LOCALAPPDATA = C:\Users\yashp\AppData\Local
# environment
VSCODE_IPC_HOOK_EXTHOST = \\.\pipe\vscode-ipc-097e16e8-67c3-45bc-a248-e564d0b92235-sock
# environment
VSCODE_CWD = C:\Users\yashp\Desktop\Microsoft VS Code
# environment
PROCESSOR_LEVEL = 6
# default
MAKE_COMMAND := C:/ProgramData/chocolatey/lib/make/tools/install/bin/make.exe
# automatic
@D = $(patsubst %/,%,$(patsubst %\,%,$(dir $@)))
# environment
CHROME_CRASHPAD_PIPE_NAME = \\.\pipe\crashpad_13948_PNVNVHAHKVFHJGQS
# environment
CommonProgramFiles = C:\Program Files (x86)\Common Files
# environment
FPS_BROWSER_USER_PROFILE_STRING = Default
# environment
VSCODE_HANDLES_UNCAUGHT_ERRORS = true
# default
.VARIABLES := 
# automatic
%D = $(patsubst %/,%,$(patsubst %\,%,$(dir $%)))
# automatic
^D = $(patsubst %/,%,$(patsubst %\,%,$(dir $^)))
# environment
VSCODE_LOG_STACK = false
# automatic
%F = $(notdir $%)
# default
.LOADED := 
# environment
TMP = C:\Users\yashp\AppData\Local\Temp
# default
.INCLUDE_DIRS = .
# environment
PROCESSOR_ARCHITEW6432 = AMD64
# environment
ChocolateyInstall = C:\ProgramData\chocolatey
# makefile
MAKEFLAGS = pqrR
# makefile
CURDIR := c:/Users/yashp/OneDrive/Desktop/MINIPROJECT1
# environment
VSCODE_PIPE_LOGGING = true
# environment
APPLICATION_INSIGHTS_NO_DIAGNOSTIC_CHANNEL = true
# automatic
*D = $(patsubst %/,%,$(patsubst %\,%,$(dir $*)))
# environment
MFLAGS = -pqrR
# default
.SHELLFLAGS := -c
# environment
PSModulePath = C:\Program Files\WindowsPowerShell\Modules;C:\WINDOWS\system32\WindowsPowerShell\v1.0\Modules
# automatic
+D = $(patsubst %/,%,$(patsubst %\,%,$(dir $+)))
# makefile (from 'C:\Users\yashp\OneDrive\Documents\MiniProject_Template\Example_Programs\programming_concpets\calculator\Makefile', line 1)
MAKEFILE_LIST := C:\Users\yashp\OneDrive\Documents\MiniProject_Template\Example_Programs\programming_concpets\calculator\Makefile
# automatic
@F = $(notdir $@)
# environment
VSCODE_VERBOSE_LOGGING = true
# environment
VSCODE_PID = 13948
# environment
platformcode = KV
# automatic
?D = $(patsubst %/,%,$(patsubst %\,%,$(dir $?)))
# environment
ProgramFiles(x86) = C:\Program Files (x86)
# environment
OneDriveConsumer = C:\Users\yashp\OneDrive
# automatic
*F = $(notdir $*)
# automatic
<D = $(patsubst %/,%,$(patsubst %\,%,$(dir $<)))
# environment
OneDrive = C:\Users\yashp\OneDrive
# environment
VSCODE_NLS_CONFIG = {"locale":"en-us","availa 
bleLanguages":{},"_languagePackSupport":true}
# default
MAKE_HOST := Windows32
# environment
RegionCode = APJ
# default
SHELL := sh.exe
# environment
windir = C:\WINDOWS
# environment
HOMEPATH = \Users\yashp
# default
MAKECMDGOALS := all
# environment
MAKELEVEL := 0
# default
MAKE = $(MAKE_COMMAND)
# environment
PATH = C:\Program Files (x86)\Common Files\Oracle\Java\javapath;C:\Program Files (x86)\Intel\Intel(R) Management Engine Components\iCLS\;C:\Program Files\Intel\Intel(R) Management Engine Components\iCLS\;C:\WINDOWS\system32;C:\WINDOWS;C:\WINDOWS\System32\Wbem;C:\WINDOWS\System32\WindowsPowerShell\v1.0\;C:\WINDOWS\System32\OpenSSH\;C:\Program Files (x86)\Intel\Intel(R) Management Engine Components\DAL;C:\Program Files\Intel\Intel(R) Management Engine Components\DAL;C:\Program Files (x86)\Intel\Intel(R) Management Engine Components\IPT;C:\Program Files\Intel\Intel(R) Management Engine Components\IPT;C:\Users\yashp\Downloads\bin;C:\Program Files\MATLAB\R2019a\bin;C:\Program Files\MATLAB\R2018b\bin;C:\Program Files\Git\cmd;C:\ProgramData\chocolatey\bin;C:\Users\yashp\AppData\Local\Microsoft\WindowsApps;C:\Users\yashp\Desktop\Microsoft VS Code\bin;C:\Program Files\mingw-w64\x86_64-8.1.0-posix-seh-rt_v6-rev0\mingw64\bin;
# environment
COMPUTERNAME = DESKTOP-CLNHAB7
# default
MAKEFILES := 
# automatic
^F = $(notdir $^)
# environment
CommonProgramFiles(x86) = C:\Program Files (x86)\Common Files
# environment
PROMPT = $P$G
# environment
LOGONSERVER = \\DESKTOP-CLNHAB7
# environment
VSCODE_LOG_NATIVE = false
# environment
USERNAME = yashp
# automatic
?F = $(notdir $?)
# makefile (from 'C:\Users\yashp\OneDrive\Documents\MiniProject_Template\Example_Programs\programming_concpets\calculator\Makefile', line 5)
INC = unity
# environment
ChocolateyLastPathUpdate = 132623051328832958
# environment
PATHEXT = .COM;.EXE;.BAT;.CMD;.VBS;.VBE;.JS;.JSE;.WSF;.WSH;.MSC
# automatic
+F = $(notdir $+)
# environment
ORIGINAL_XDG_CURRENT_DESKTOP = undefined
# makefile (from 'C:\Users\yashp\OneDrive\Documents\MiniProject_Template\Example_Programs\programming_concpets\calculator\Makefile', line 7)
TEST = unity/unity.c
# environment
USERDOMAIN = DESKTOP-CLNHAB7
# 'override' directive
GNUMAKEFLAGS := 
# environment
OS = Windows_NT
# environment
SystemRoot = C:\WINDOWS
# makefile
.DEFAULT_GOAL := Calculator.exe
# environment
ProgramFiles = C:\Program Files (x86)
# environment
SystemDrive = C:
# default
MAKE_VERSION := 4.3
# environment
USERDOMAIN_ROAMINGPROFILE = DESKTOP-CLNHAB7
# environment
NUMBER_OF_PROCESSORS = 4
# environment
PUBLIC = C:\Users\Public
# environment
ProgramData = C:\ProgramData
# environment
VSCODE_NODE_CACHED_DATA_DIR = C:\Users\yashp\AppData\Roaming\Code\CachedData\3c4e3df9e89829dce27b7b5c24508306b151f30d
# environment
APPDATA = C:\Users\yashp\AppData\Roaming
# environment
HOMEDRIVE = C:
# environment
PROCESSOR_ARCHITECTURE = x86
# environment
DriverData = C:\Windows\System32\Drivers\DriverData
# environment
VSCODE_AMD_ENTRYPOINT = vs/workbench/services/extensions/node/extensionHostProcess
# environment
CommonProgramW6432 = C:\Program Files\Common Files
# environment
ELECTRON_RUN_AS_NODE = 1
# environment
TEMP = C:\Users\yashp\AppData\Local\Temp
# environment
VSCODE_IPC_HOOK = \\.\pipe\567033e2d5c1a5fd05488569f59407ec-1.55.2-main-sock
# default
.RECIPEPREFIX := 
# automatic
<F = $(notdir $<)
# default
SUFFIXES := 
# environment
ALLUSERSPROFILE = C:\ProgramData
# environment
SESSIONNAME = Console
# default
.FEATURES := target-specific order-only second-expansion else-if shortest-stem undefine oneshell nocomment grouped-target extra-prereqs archives jobserver output-sync load
# environment
PROCESSOR_REVISION = 8e0a
# environment
ComSpec = C:\WINDOWS\system32\cmd.exe
# environment
PROCESSOR_IDENTIFIER = Intel64 Family 6 Model 142 Stepping 10, GenuineIntel
# variable set hash-table stats:
# Load=103/1024=10%, Rehash=0, Collisions=6/133=5%

# Pattern-specific Variable Values

# No pattern-specific variable values.

# Directories


# No files, no impossibilities in 0 directories.

# Implicit Rules

# No implicit rules.

# Files

# Not a target:
calculator.c:
#  Implicit rule search has not been done.
#  Modification time never checked.
#  File has not been updated.

# Not a target:
.DEFAULT:
#  Implicit rule search has not been done.
#  Modification time never checked.
#  File has not been updated.

# Not a target:
all:
#  Command line target.
#  Implicit rule search has been done.
#  File does not exist.
#  File has not been updated.

# Not a target:
C:\Users\yashp\OneDrive\Documents\MiniProject_Template\Example_Programs\programming_concpets\calculator\Makefile:
#  Implicit rule search has been done.
#  Last modified 2021-04-01 16:25:09
#  File has been updated.
#  Successfully updated.

# Not a target:
test_calculator.c:
#  Implicit rule search has not been done.
#  Modification time never checked.
#  File has not been updated.

# Not a target:
unity/unity.c:
#  Implicit rule search has not been done.
#  Modification time never checked.
#  File has not been updated.

Calculator.exe: calculator.c test_calculator.c unity/unity.c
#  Implicit rule search has not been done.
#  Modification time never checked.
#  File has not been updated.
#  recipe to execute (from 'C:\Users\yashp\OneDrive\Documents\MiniProject_Template\Example_Programs\programming_concpets\calculator\Makefile', line 10):
	gcc -I $(INC) $(SRC) $(TEST) -o $(PROJECT_NAME).exe

# files hash-table stats:
# Load=8/1024=1%, Rehash=0, Collisions=1/21=5%
# VPATH Search Paths

# No 'vpath' search paths.

# No general ('VPATH' variable) search path.

# strcache buffers: 1 (0) / strings = 9 / storage = 198 B / avg = 22 B
# current buf: size = 8174 B / used = 198 B / count = 9 / avg = 22 B

# strcache performance: lookups = 12 / hit rate = 25%
# hash-table stats:
# Load=9/8192=0%, Rehash=0, Collisions=0/12=0%
# Finished Make data base on Fri Apr 16 15:03:17 2021

 
